FILE_TYPE=LIBRARY_PARTS;
PRIMITIVE 'TH3A105K035D6600','TH3A105K035D6600_Capacitor Moulded Polarised';
  PIN
    '+':
      PIN_NUMBER='(1)';
      NO_LOAD_CHECK=BOTH;
      NO_IO_CHECK=BOTH;
      ALLOW_CONNECT=TRUE;
      PINUSE='UNSPEC';
    '-':
      PIN_NUMBER='(2)';
      NO_LOAD_CHECK=BOTH;
      NO_IO_CHECK=BOTH;
      ALLOW_CONNECT=TRUE;
      PINUSE='UNSPEC';
  END_PIN;
  BODY
    PART_NAME='TH3A105K035D6600';
    PHYS_DES_PREFIX='C';
    NO_LOAD_CHECK='TRUE';
    PIN_COUNT='2';
    BODY_NAME='TH3A105K035D6600';
    JEDEC_TYPE='CAPPM3216X180N';
  END_BODY;
END_PRIMITIVE;
END.
