FILE_TYPE=LIBRARY_PARTS;
PRIMITIVE 'C1206C104K5RACTM','C1206C104K5RACTM_Other';
  PIN
    '1':
      PIN_NUMBER='(1)';
      NO_LOAD_CHECK=BOTH;
      NO_IO_CHECK=BOTH;
      ALLOW_CONNECT=TRUE;
      PINUSE='UNSPEC';
    '2':
      PIN_NUMBER='(2)';
      NO_LOAD_CHECK=BOTH;
      NO_IO_CHECK=BOTH;
      ALLOW_CONNECT=TRUE;
      PINUSE='UNSPEC';
  END_PIN;
  BODY
    PART_NAME='C1206C104K5RACTM';
    PHYS_DES_PREFIX='C';
    NO_LOAD_CHECK='TRUE';
    PIN_COUNT='2';
    BODY_NAME='C1206C104K5RACTM';
    JEDEC_TYPE='C1206';
  END_BODY;
END_PRIMITIVE;
END.
